<?xml version="1.0" encoding="utf-8"?>
<TestRun id="2017b48f-2199-40f7-8b26-e9a36768890f" name="pooja@LAPTOP22-EMINEN 2025-02-03 18:20:19" runUser="LAPTOP22-EMINEN\pooja" xmlns="http://microsoft.com/schemas/VisualStudio/TeamTest/2010">
  <Times creation="2025-02-03T18:20:19.3196896+05:30" queuing="2025-02-03T18:20:19.3196903+05:30" start="2025-02-03T18:19:49.5590413+05:30" finish="2025-02-03T18:20:19.7529240+05:30" />
  <TestSettings name="default" id="bb893118-c705-4f7b-9956-340698d0d646">
    <Deployment runDeploymentRoot="pooja_LAPTOP22-EMINEN_2025-02-03_18_20_19" />
  </TestSettings>
  <Results>
    <UnitTestResult executionId="7a1aee01-a04e-49d3-92d7-042020315b24" testId="b6f34319-bffd-0bd7-6384-9a024ffe5426" testName="Form_Test_John Doe " computerName="LAPTOP22-EMINEN" duration="00:00:26.8766240" startTime="2025-02-03T18:19:52.1674087+05:30" endTime="2025-02-03T18:20:19.0439443+05:30" testType="13cdc9d9-ddb5-4fa4-a97d-d965ccfc6d4b" outcome="Passed" testListId="8c84fa94-04c1-424b-9868-57a2d4851a1d" relativeResultsDirectory="7a1aee01-a04e-49d3-92d7-042020315b24" />
  </Results>
  <TestDefinitions>
    <UnitTest name="Form_Test_John Doe " storage="c:\users\pooja\desktop\new folder\seleniumwd_withc#_poc\seleniumtests\bin\debug\net8.0\seleniumtests.dll" id="b6f34319-bffd-0bd7-6384-9a024ffe5426">
      <Execution id="7a1aee01-a04e-49d3-92d7-042020315b24" />
      <TestMethod codeBase="C:\Users\pooja\Desktop\New folder\SeleniumWD_WithC#_Poc\SeleniumTests\bin\Debug\net8.0\SeleniumTests.dll" adapterTypeName="executor://nunit3testexecutor/" className="SeleniumTests.Tests.SampleFormTests" name="Form_Test_John Doe " />
    </UnitTest>
  </TestDefinitions>
  <TestEntries>
    <TestEntry testId="b6f34319-bffd-0bd7-6384-9a024ffe5426" executionId="7a1aee01-a04e-49d3-92d7-042020315b24" testListId="8c84fa94-04c1-424b-9868-57a2d4851a1d" />
  </TestEntries>
  <TestLists>
    <TestList name="Results Not in a List" id="8c84fa94-04c1-424b-9868-57a2d4851a1d" />
    <TestList name="All Loaded Results" id="19431567-8539-422a-85d7-44ee4e166bda" />
  </TestLists>
  <ResultSummary outcome="Completed">
    <Counters total="1" executed="1" passed="1" failed="0" error="0" timeout="0" aborted="0" inconclusive="0" passedButRunAborted="0" notRunnable="0" notExecuted="0" disconnected="0" warning="0" completed="0" inProgress="0" pending="0" />
    <Output>
      <StdOut>NUnit Adapter 4.6.0.0: Test execution started&#xD;
Running all tests in C:\Users\pooja\Desktop\New folder\SeleniumWD_WithC#_Poc\SeleniumTests\bin\Debug\net8.0\SeleniumTests.dll&#xD;
   NUnit3TestExecutor discovered 1 of 1 NUnit test cases using Current Discovery mode, Non-Explicit run&#xD;
NUnit Adapter 4.6.0.0: Test execution complete&#xD;
</StdOut>
    </Output>
  </ResultSummary>
</TestRun>